<?xml version="1.0" encoding="UTF-8"?>
<testng-results ignored="6" total="11" passed="5" failed="0" skipped="0">
  <reporter-output>
  </reporter-output>
  <suite started-at="2023-01-03T03:19:44 BDT" name="Suite" finished-at="2023-01-03T03:20:18 BDT" duration-ms="34142">
    <groups>
    </groups>
    <test started-at="2023-01-03T03:19:44 BDT" name="Test" finished-at="2023-01-03T03:20:18 BDT" duration-ms="34142">
      <class name="testAll.LogOutUser">
        <test-method signature="SignOutUser()[pri:0, instance:testAll.LogOutUser@7139992f]" started-at="2023-01-03T03:20:16 BDT" name="SignOutUser" finished-at="2023-01-03T03:20:18 BDT" duration-ms="2134" status="PASS">
          <reporter-output>
          </reporter-output>
        </test-method> <!-- SignOutUser -->
      </class> <!-- testAll.LogOutUser -->
      <class name="testAll.checkOutAndOrderPlace">
        <test-method signature="checkoutAndOrder()[pri:0, instance:testAll.checkOutAndOrderPlace@47caedad]" started-at="2023-01-03T03:20:06 BDT" name="checkoutAndOrder" finished-at="2023-01-03T03:20:16 BDT" duration-ms="9448" status="PASS">
          <reporter-output>
          </reporter-output>
        </test-method> <!-- checkoutAndOrder -->
      </class> <!-- testAll.checkOutAndOrderPlace -->
      <class name="testAll.AddAndRemoveFromCart">
        <test-method signature="Add()[pri:1, instance:testAll.AddAndRemoveFromCart@5340477f]" started-at="2023-01-03T03:19:45 BDT" name="Add" finished-at="2023-01-03T03:19:56 BDT" duration-ms="10481" status="PASS">
          <reporter-output>
          </reporter-output>
        </test-method> <!-- Add -->
        <test-method signature="remove()[pri:2, instance:testAll.AddAndRemoveFromCart@5340477f]" started-at="2023-01-03T03:19:56 BDT" name="remove" finished-at="2023-01-03T03:20:06 BDT" duration-ms="10386" status="PASS">
          <reporter-output>
          </reporter-output>
        </test-method> <!-- remove -->
      </class> <!-- testAll.AddAndRemoveFromCart -->
      <class name="testAll.signInUser">
        <test-method is-config="true" signature="setup()[pri:0, instance:testAll.signInUser@20b2475a]" started-at="2023-01-03T03:19:41 BDT" name="setup" finished-at="2023-01-03T03:19:44 BDT" duration-ms="2737" status="PASS">
          <reporter-output>
          </reporter-output>
        </test-method> <!-- setup -->
        <test-method signature="loginUser()[pri:0, instance:testAll.signInUser@20b2475a]" started-at="2023-01-03T03:19:44 BDT" name="loginUser" finished-at="2023-01-03T03:19:45 BDT" duration-ms="1452" status="PASS">
          <reporter-output>
          </reporter-output>
        </test-method> <!-- loginUser -->
        <test-method is-config="true" signature="teardown()[pri:0, instance:testAll.signInUser@20b2475a]" started-at="2023-01-03T03:20:18 BDT" name="teardown" finished-at="2023-01-03T03:20:18 BDT" duration-ms="301" status="PASS">
          <reporter-output>
          </reporter-output>
        </test-method> <!-- teardown -->
      </class> <!-- testAll.signInUser -->
    </test> <!-- Test -->
  </suite> <!-- Suite -->
</testng-results>
