<?xml version="1.0" encoding="UTF-8"?>
<!-- Generated by org.testng.reporters.JUnitXMLReporter -->
<testsuite ignored="6" hostname="DESKTOP-A5DSD4E" failures="0" tests="5" name="Test" time="34.142" errors="0" timestamp="2023-01-03T03:20:18 BDT">
  <testcase classname="testAll.signInUser" name="loginUser" time="1.452"/>
  <testcase classname="testAll.AddAndRemoveFromCart" name="Add" time="10.481"/>
  <testcase classname="testAll.AddAndRemoveFromCart" name="remove" time="10.386"/>
  <testcase classname="testAll.checkOutAndOrderPlace" name="checkoutAndOrder" time="9.448"/>
  <testcase classname="testAll.LogOutUser" name="SignOutUser" time="2.134"/>
  <testcase classname="baseDriver.BaseDriver" name="@AfterSuite teardown" time="0.0">
    <ignored/>
  </testcase> <!-- @AfterSuite teardown -->
  <testcase classname="baseDriver.BaseDriver" name="@BeforeSuite setup" time="0.0">
    <ignored/>
  </testcase> <!-- @BeforeSuite setup -->
  <testcase classname="baseDriver.BaseDriver" name="@BeforeSuite setup" time="0.0">
    <ignored/>
  </testcase> <!-- @BeforeSuite setup -->
  <testcase classname="baseDriver.BaseDriver" name="@AfterSuite teardown" time="0.0">
    <ignored/>
  </testcase> <!-- @AfterSuite teardown -->
  <testcase classname="baseDriver.BaseDriver" name="@BeforeSuite setup" time="0.0">
    <ignored/>
  </testcase> <!-- @BeforeSuite setup -->
  <testcase classname="baseDriver.BaseDriver" name="@AfterSuite teardown" time="0.0">
    <ignored/>
  </testcase> <!-- @AfterSuite teardown -->
</testsuite> <!-- Test -->
